<?xml version="1.0" encoding="UTF-8"?>
<testsuite name="SomeBusinessLogicTest" tests="1" skipped="0" failures="0" errors="0" timestamp="2022-07-11T22:15:33" hostname="TNP-GWXXRNAHSM8" time="0.054">
  <properties/>
  <testcase name="calculateSum_basic()" classname="SomeBusinessLogicTest" time="0.054"/>
  <system-out><![CDATA[]]></system-out>
  <system-err><![CDATA[]]></system-err>
</testsuite>
