<?xml version="1.0" encoding="UTF-8"?>
<testsuite name="SortedTest" tests="1" skipped="0" failures="0" errors="0" timestamp="2022-07-11T22:21:51" hostname="TNP-GWXXRNAHSM8" time="0.029">
  <properties/>
  <testcase name="tenElements7()" classname="SortedTest" time="0.029"/>
  <system-out><![CDATA[]]></system-out>
  <system-err><![CDATA[]]></system-err>
</testsuite>
